<?xml version="1.0" encoding="UTF-8"?>
<testng-results ignored="0" total="2" passed="2" failed="0" skipped="0">
  <reporter-output>
  </reporter-output>
  <suite started-at="2022-07-10T16:06:47 IST" name="Suite" finished-at="2022-07-10T16:07:39 IST" duration-ms="52785">
    <groups>
    </groups>
    <test started-at="2022-07-10T16:06:47 IST" name="Test" finished-at="2022-07-10T16:07:39 IST" duration-ms="52785">
      <class name="com.vishal.tests.OrangeHrmTests">
        <test-method is-config="true" signature="setUp([Ljava.lang.Object;)[pri:0, instance:com.vishal.tests.OrangeHrmTests@1613674b]" started-at="2022-07-10T16:06:48 IST" name="setUp" finished-at="2022-07-10T16:07:12 IST" duration-ms="23863" status="PASS">
          <params>
            <param index="0">
              <value>
                <![CDATA[[Ljava.lang.Object;@4da6d664]]>
              </value>
            </param>
          </params>
          <reporter-output>
          </reporter-output>
        </test-method> <!-- setUp -->
        <test-method is-config="true" signature="setUp([Ljava.lang.Object;)[pri:0, instance:com.vishal.tests.OrangeHrmTests@1613674b]" started-at="2022-07-10T16:06:48 IST" name="setUp" finished-at="2022-07-10T16:07:13 IST" duration-ms="25591" status="PASS">
          <params>
            <param index="0">
              <value>
                <![CDATA[[Ljava.lang.Object;@5e5af8e1]]>
              </value>
            </param>
          </params>
          <reporter-output>
          </reporter-output>
        </test-method> <!-- setUp -->
        <test-method signature="loginLogoutTest(java.util.Map)[pri:0, instance:com.vishal.tests.OrangeHrmTests@1613674b]" started-at="2022-07-10T16:07:12 IST" name="loginLogoutTest" description="check login and logout" data-provider="getData" finished-at="2022-07-10T16:07:29 IST" duration-ms="17124" status="PASS">
          <params>
            <param index="0">
              <value>
                <![CDATA[{fname=amuthan, password=admin123, browser=chrome, execute=yes, testName=loginLogoutTest, username=Admin}]]>
              </value>
            </param>
          </params>
          <reporter-output>
          </reporter-output>
        </test-method> <!-- loginLogoutTest -->
        <test-method signature="loginLogoutTest(java.util.Map)[pri:0, instance:com.vishal.tests.OrangeHrmTests@1613674b]" started-at="2022-07-10T16:07:13 IST" name="loginLogoutTest" description="check login and logout" data-provider="getData" finished-at="2022-07-10T16:07:38 IST" duration-ms="24371" status="PASS">
          <params>
            <param index="0">
              <value>
                <![CDATA[{fname=tmb, password=admin123, browser=firefox, execute=yes, testName=loginLogoutTest, username=Admin}]]>
              </value>
            </param>
          </params>
          <reporter-output>
          </reporter-output>
        </test-method> <!-- loginLogoutTest -->
        <test-method is-config="true" signature="tearDown()[pri:0, instance:com.vishal.tests.OrangeHrmTests@1613674b]" started-at="2022-07-10T16:07:29 IST" name="tearDown" finished-at="2022-07-10T16:07:29 IST" duration-ms="238" status="PASS">
          <reporter-output>
          </reporter-output>
        </test-method> <!-- tearDown -->
        <test-method is-config="true" signature="tearDown()[pri:0, instance:com.vishal.tests.OrangeHrmTests@1613674b]" started-at="2022-07-10T16:07:38 IST" name="tearDown" finished-at="2022-07-10T16:07:39 IST" duration-ms="1460" status="PASS">
          <reporter-output>
          </reporter-output>
        </test-method> <!-- tearDown -->
      </class> <!-- com.vishal.tests.OrangeHrmTests -->
    </test> <!-- Test -->
  </suite> <!-- Suite -->
</testng-results>
